{
  "stats": {
    "suites": 1,
    "tests": 12,
    "passes": 10,
    "pending": 0,
    "failures": 2,
    "start": "2024-12-05T07:54:38.061Z",
    "end": "2024-12-05T07:56:10.899Z",
    "duration": 92838,
    "testsRegistered": 12,
    "passPercent": 83.33333333333334,
    "pendingPercent": 0,
    "other": 1,
    "hasOther": true,
    "skipped": 0,
    "hasSkipped": false
  },
  "results": [
    {
      "uuid": "b8536da9-70e1-4ad5-b8fe-801616e8dd59",
      "title": "",
      "fullFile": "C:\\Users\\LENOVO\\AquaProjects\\Tractive_GPS_Test\\tests\\End_toEnd_Tests.spec.js",
      "file": "\\tests\\End_toEnd_Tests.spec.js",
      "beforeHooks": [],
      "afterHooks": [],
      "tests": [],
      "suites": [
        {
          "uuid": "cc91b10c-9cf9-47ab-a47c-1d567b416e42",
          "title": "End-to-End Tests",
          "fullFile": "C:\\Users\\LENOVO\\AquaProjects\\Tractive_GPS_Test\\tests\\End_toEnd_Tests.spec.js",
          "file": "\\tests\\End_toEnd_Tests.spec.js",
          "beforeHooks": [
            {
              "title": "\"before all\" hook: Before_Test in \"End-to-End Tests\"",
              "fullTitle": "End-to-End Tests \"before all\" hook: Before_Test in \"End-to-End Tests\"",
              "timedOut": false,
              "duration": 32578,
              "state": null,
              "speed": null,
              "pass": false,
              "fail": false,
              "pending": false,
              "context": null,
              "code": "this.timeout(60000);  // Increase timeout for async operations\nbrowser = await firefox.launch({headless: false});\ncontext = await browser.newContext();\n// Add cookies\nawait context.addCookies([{\n    name: 'interview',\n    value: '7lBPV9iik6r9MNE5dKw9nzF9CstdlEJl',\n    domain: '.tractive.com',\n    path: '/',\n    secure: true,\n}]);\npage = await context.newPage();\nloginPage = new LoginPage(page);\nhomePage = new HomePage(page);\nsignUpPage = new SignUpPage(page);\ntestData = new TestData();  // Corrected instantiation",
              "err": {},
              "uuid": "a0240074-2211-4205-838c-c9148d2eb9c0",
              "parentUUID": "cc91b10c-9cf9-47ab-a47c-1d567b416e42",
              "isHook": true,
              "skipped": false
            }
          ],
          "afterHooks": [
            {
              "title": "\"after all\" hook: After_Test for \"should log in and change email and password\"",
              "fullTitle": "End-to-End Tests \"after all\" hook: After_Test for \"should log in and change email and password\"",
              "timedOut": true,
              "duration": 5078,
              "state": "failed",
              "speed": null,
              "pass": false,
              "fail": true,
              "pending": false,
              "context": null,
              "code": "this.timeout(5000);  // Increase timeout for after hook if needed\nif (page) await page.close();\nif (browser) await browser.close();",
              "err": {
                "message": "Error: Timeout of 5000ms exceeded. For async tests and hooks, ensure \"done()\" is called; if returning a Promise, ensure it resolves. (C:\\Users\\LENOVO\\AquaProjects\\Tractive_GPS_Test\\tests\\End_toEnd_Tests.spec.js)",
                "estack": "Error: Timeout of 5000ms exceeded. For async tests and hooks, ensure \"done()\" is called; if returning a Promise, ensure it resolves. (C:\\Users\\LENOVO\\AquaProjects\\Tractive_GPS_Test\\tests\\End_toEnd_Tests.spec.js)\n    at listOnTimeout (node:internal/timers:573:17)\n    at process.processTimers (node:internal/timers:514:7)",
                "diff": null
              },
              "uuid": "d855922f-48db-4ca4-9b37-f06bce78e8d3",
              "parentUUID": "cc91b10c-9cf9-47ab-a47c-1d567b416e42",
              "isHook": true,
              "skipped": false
            }
          ],
          "tests": [
            {
              "title": "should verify URL and Title and login page",
              "fullTitle": "End-to-End Tests should verify URL and Title and login page",
              "timedOut": false,
              "duration": 7143,
              "state": "passed",
              "speed": "slow",
              "pass": true,
              "fail": false,
              "pending": false,
              "context": null,
              "code": "this.timeout(30000);  // Increase timeout for this test\nawait loginPage.open();\nawait page.waitForSelector('button[type=\"submit\"]');  // Ensure the login button is visible\nawait page.evaluate(() => {\n    window.moveTo(0, 0);\n    window.resizeTo(window.screen.availWidth, window.screen.availHeight);\n});\nconst currentUrl = await page.url();\nexpect(currentUrl).to.include(loginPage.url);\nawait homePage.verifyPageTitle();",
              "err": {},
              "uuid": "6a3893e8-ae00-4b8b-9a2e-5c2f1f28fb08",
              "parentUUID": "cc91b10c-9cf9-47ab-a47c-1d567b416e42",
              "isHook": false,
              "skipped": false
            },
            {
              "title": "should verify the presence of the Tractive logo",
              "fullTitle": "End-to-End Tests should verify the presence of the Tractive logo",
              "timedOut": false,
              "duration": 195,
              "state": "passed",
              "speed": "slow",
              "pass": true,
              "fail": false,
              "pending": false,
              "context": null,
              "code": "this.timeout(10000); // Set a timeout for the test\nawait loginPage.open(); // Ensure you're on the correct page\n// Check if the logo is visible on the page\nconst logoSelector = '//img[@alt=\"Tractive Logo\"]';\nconst isLogoVisible = await page.isVisible(logoSelector);\nif (isLogoVisible) {\n    console.log('Logo is visible on the page.');\n} else {\n    console.error('Logo is NOT visible on the page.');\n}\n// Assert that the logo is indeed visible\nexpect(isLogoVisible).to.be.true;",
              "err": {},
              "uuid": "a4964436-f9d3-4aae-8fe4-e3bf8d72be39",
              "parentUUID": "cc91b10c-9cf9-47ab-a47c-1d567b416e42",
              "isHook": false,
              "skipped": false
            },
            {
              "title": "should log in with valid credentials with singout",
              "fullTitle": "End-to-End Tests should log in with valid credentials with singout",
              "timedOut": false,
              "duration": 5050,
              "state": "passed",
              "speed": "slow",
              "pass": true,
              "fail": false,
              "pending": false,
              "context": null,
              "code": "this.timeout(30000);  // Increase timeout for this test\nconsole.log('Starting login test with valid credentials');\nconst loginData = testData.valid_login();  // Use valid login data\nawait loginPage.enterEmail(loginData.email);\nconsole.log('Entered email');\nawait loginPage.enterPassword(loginData.password);\nconsole.log('Entered password');\n// Wait for submit button to be clickable and click it\nawait loginPage.clickSubmitButton();\nconsole.log('Clicked submit button');\n// Wait for login success confirmation\nconst isLoginSuccessful = await loginPage.isLoginSuccessful();\nexpect(isLoginSuccessful).to.be.true;\n// If login is successful, log out\nif (isLoginSuccessful) {\n    console.log('Login successful, proceeding to sign out');\n    await homePage.signOut();\n} else {\n    console.error('Login failed');\n}",
              "err": {},
              "uuid": "9c9517a3-e795-4e70-929a-248404952c4d",
              "parentUUID": "cc91b10c-9cf9-47ab-a47c-1d567b416e42",
              "isHook": false,
              "skipped": false
            },
            {
              "title": "should show an error for invalid login credentials",
              "fullTitle": "End-to-End Tests should show an error for invalid login credentials",
              "timedOut": false,
              "duration": 2514,
              "state": "passed",
              "speed": "slow",
              "pass": true,
              "fail": false,
              "pending": false,
              "context": null,
              "code": "this.timeout(90000);  // Increase timeout for this test\nconst loginData = testData.invalid_login();  // Use invalid login data\nawait loginPage.enterEmail(loginData.email);\nawait loginPage.enterPassword(loginData.password);\nawait loginPage.clickSubmitButton();\nlet alertMessage = '';\n// Handle the dialog pop-up\npage.on('dialog', async (dialog) => {\n    alertMessage = dialog.message();  // Capture the dialog message\n    console.log('Alert Message: ', alertMessage);  // Log the alert message for debugging\n    await dialog.accept();  // Accept the alert (close the alert)\n});\nawait page.waitForTimeout(1000);  // Adjust timeout as needed\n// Assert that the alert message matches the expected error message\nexpect(alertMessage).to.equal(alertMessage);  // Change the message to match your app's error message\n//const isLoginPageVisible = await loginPage.isLoginPageVisible();\n//expect(isLoginPageVisible).to.be.true;",
              "err": {},
              "uuid": "f499ccae-ff58-43a3-ab4c-c733ec2b5be6",
              "parentUUID": "cc91b10c-9cf9-47ab-a47c-1d567b416e42",
              "isHook": false,
              "skipped": false
            },
            {
              "title": "sign in Google Auth",
              "fullTitle": "End-to-End Tests sign in Google Auth",
              "timedOut": false,
              "duration": 887,
              "state": "failed",
              "speed": null,
              "pass": false,
              "fail": true,
              "pending": false,
              "context": null,
              "code": "this.timeout(60000); // Set a custom timeout for handling potential delays in the sign-in flow\n// Handle the Google Sign-In process\nconsole.log('Starting Google Sign-In process...');\nawait signUpPage.handleGoogleSignInProcess();\nconsole.log('Google Sign-In flow.');\n//const isGoogleSignInSuccessful = await signUpPage.isGoogleSignInSuccessful();\n//expect(isGoogleSignInSuccessful, 'Google Sign-In faile..' + 'd').to.be.true;",
              "err": {
                "message": "Error: page.waitForSelector: selector: expected string, got object",
                "estack": "page.waitForSelector: selector: expected string, got object\n    at SignUpPage.handleGoogleSignInProcess (Pages\\Signup_page.js:170:29)\n    at async Context.googleAuthSignIn (tests\\End_toEnd_Tests.spec.js:119:9)",
                "diff": null
              },
              "uuid": "8157475b-a476-4a8d-8445-6741e1701fa8",
              "parentUUID": "cc91b10c-9cf9-47ab-a47c-1d567b416e42",
              "isHook": false,
              "skipped": false
            },
            {
              "title": "should validate and submit the sign-up form",
              "fullTitle": "End-to-End Tests should validate and submit the sign-up form",
              "timedOut": false,
              "duration": 1633,
              "state": "passed",
              "speed": "slow",
              "pass": true,
              "fail": false,
              "pending": false,
              "context": null,
              "code": "this.timeout(80000);  // Increase timeout for this test\nawait signUpPage.open();  \nconst currentUrl = await page.url();\nexpect(currentUrl).to.include(signUpPage.url);\nawait signUpPage.EmptyFieldFocus();\nawait signUpPage.assertFirstNameValidation();\nawait signUpPage.assertLastNameValidation();\nawait signUpPage.assertEmailValidation();\nawait signUpPage.assertPasswordValidation();",
              "err": {},
              "uuid": "1840f6bf-3687-4913-8860-564d5f4402a0",
              "parentUUID": "cc91b10c-9cf9-47ab-a47c-1d567b416e42",
              "isHook": false,
              "skipped": false
            },
            {
              "title": "should validate invalid email format",
              "fullTitle": "End-to-End Tests should validate invalid email format",
              "timedOut": false,
              "duration": 1441,
              "state": "passed",
              "speed": "slow",
              "pass": true,
              "fail": false,
              "pending": false,
              "context": null,
              "code": "this.timeout(60000);\nconst invalidData = testData.invalid_Email_password();\n// Retrieve invalid email from test data\n// Enter invalid email and verify validation message\nawait signUpPage.enterInvalidEmail(invalidData.email);\nawait signUpPage.assertInvalidEmailValidation();",
              "err": {},
              "uuid": "b08ac61d-fc06-4303-9a29-31b9e431c32f",
              "parentUUID": "cc91b10c-9cf9-47ab-a47c-1d567b416e42",
              "isHook": false,
              "skipped": false
            },
            {
              "title": "should validate password length",
              "fullTitle": "End-to-End Tests should validate password length",
              "timedOut": false,
              "duration": 271,
              "state": "passed",
              "speed": "slow",
              "pass": true,
              "fail": false,
              "pending": false,
              "context": null,
              "code": "const invalidData = testData.invalid_Email_password();\n// Retrieve invalid password from test data\n// Enter invalid password and verify validation message\nawait signUpPage.enterInvalidPassword(invalidData.password);\nawait signUpPage.assertPasswordLengthValidation();",
              "err": {},
              "uuid": "102c3e0d-ea27-469d-b8a6-20b9b346bcdb",
              "parentUUID": "cc91b10c-9cf9-47ab-a47c-1d567b416e42",
              "isHook": false,
              "skipped": false
            },
            {
              "title": "should successfully submit the form with valid data with same Email already Exist",
              "fullTitle": "End-to-End Tests should successfully submit the form with valid data with same Email already Exist",
              "timedOut": false,
              "duration": 32248,
              "state": "passed",
              "speed": "slow",
              "pass": true,
              "fail": false,
              "pending": false,
              "context": null,
              "code": "this.timeout(70000);\nconst validData = testData.valid_signup_data();\n// Retrieve valid signup data from test data\n// Enter valid data into the form fields\nawait signUpPage.enterFirstName(validData.firstName);\nawait signUpPage.enterLastname(validData.lastName);\nawait signUpPage.enterEmail(validData.email);\nawait signUpPage.enterPassword(validData.password);\n// If there is a checkbox, click it\nawait signUpPage.clickCheckbox();\n// Submit the form if the submit button is visible\nawait signUpPage.clickSubmitButtonIfVisible();\n// Wait for a moment for the submission to process\nconsole.log('Waiting for ...');\nawait page.waitForTimeout(30000);  // Pause execution for 30 seconds\npage.on('dialog', async (dialog) => {\n    const alertMessage = dialog.message();\n    console.log('Alert Message:', alertMessage);\n    if (alertMessage.includes('Account creation failed. You entered invalid information.')) {\n        await dialog.accept();\n        console.log('Dialog error message verified.');\n        expect(alertMessage).to.include(alertMessage);\n    }\n});\nconsole.log('Account creation failed.!');\nconst currentUrl = await page.url();\nexpect(currentUrl).to.include(currentUrl);",
              "err": {},
              "uuid": "bf1e621c-28a8-4c96-b58c-d96ab2239014",
              "parentUUID": "cc91b10c-9cf9-47ab-a47c-1d567b416e42",
              "isHook": false,
              "skipped": false
            },
            {
              "title": "should submit the Signup form with Invalid data Passing",
              "fullTitle": "End-to-End Tests should submit the Signup form with Invalid data Passing",
              "timedOut": false,
              "duration": 297,
              "state": "passed",
              "speed": "slow",
              "pass": true,
              "fail": false,
              "pending": false,
              "context": null,
              "code": "this.timeout(70000);\nconst InvalidData = testData.Invalid_signup_data(); // Retrieve valid signup data from test data\n// Enter Invalid data into the form fields\nawait signUpPage.enterFirstName(InvalidData.firstName);\nawait signUpPage.enterLastname(InvalidData.lastName);\nawait signUpPage.enterEmail(InvalidData.email);\nawait signUpPage.enterPassword(InvalidData.password);\n// Submit the form if the submit button is visible or Not\nawait signUpPage.clickSubmitButtonIfNotVisible();",
              "err": {},
              "uuid": "04e23741-b561-449c-9ede-74e074aff7a0",
              "parentUUID": "cc91b10c-9cf9-47ab-a47c-1d567b416e42",
              "isHook": false,
              "skipped": false
            },
            {
              "title": "should submit the Sign-Up form with new fresh_data with new Email data Passing",
              "fullTitle": "End-to-End Tests should submit the Sign-Up form with new fresh_data with new Email data Passing",
              "timedOut": false,
              "duration": 1351,
              "state": "passed",
              "speed": "slow",
              "pass": true,
              "fail": false,
              "pending": false,
              "context": null,
              "code": "this.timeout(70000); // Adjust timeout for async operations\nconst Valid_New_fresh_Data = testData.Valid_new_signup_data();\nawait signUpPage.enterFirstName(Valid_New_fresh_Data.firstName);\nawait signUpPage.enterLastname(Valid_New_fresh_Data.lastName);\nawait signUpPage.enterEmail(Valid_New_fresh_Data.email);\nawait signUpPage.enterPassword(Valid_New_fresh_Data.password);\nawait signUpPage.clickSubmitButtonIfNotVisible();\nlet alertMessage = '';\npage.on('dialog', async (dialog) => {\n    alertMessage = dialog.message();\n    console.log('Alert Message: ', alertMessage);\n    await dialog.accept();\n});\nawait page.waitForTimeout(1000);\nexpect(alertMessage).to.equal(alertMessage);",
              "err": {},
              "uuid": "bf6aa77d-8a95-4551-9c40-9e56e342ab82",
              "parentUUID": "cc91b10c-9cf9-47ab-a47c-1d567b416e42",
              "isHook": false,
              "skipped": false
            },
            {
              "title": "should log in and change email and password",
              "fullTitle": "End-to-End Tests should log in and change email and password",
              "timedOut": false,
              "duration": 2061,
              "state": "failed",
              "speed": null,
              "pass": false,
              "fail": true,
              "pending": false,
              "context": null,
              "code": "this.timeout(30000);\nawait loginPage.open();\nconst loginData = testData.valid_login();\nawait loginPage.enterEmail(loginData.email);\nawait loginPage.enterPassword(loginData.password);\nawait loginPage.clickSubmitButton();\nthis.timeout(60000);\nawait homePage.verifyUrl_ManagePage();\nawait homePage.verifyManagePageTitle();\nawait homePage.clickUserProfile();\nawait homepage.LoginDetails();",
              "err": {
                "message": "ReferenceError: browser is not defined",
                "estack": "ReferenceError: browser is not defined\n    at HomePage.verifyUrl_ManagePage (file:///C:/Users/LENOVO/AquaProjects/Tractive_GPS_Test/Pages/Homepage.js:45:28)\n    at Context.logInAndChangeCredentials (file:///C:/Users/LENOVO/AquaProjects/Tractive_GPS_Test/tests/End_toEnd_Tests.spec.js:221:24)",
                "diff": null
              },
              "uuid": "1ad1f181-e5cc-4755-bfc1-ed645a4d4315",
              "parentUUID": "cc91b10c-9cf9-47ab-a47c-1d567b416e42",
              "isHook": false,
              "skipped": false
            }
          ],
          "suites": [],
          "passes": [
            "6a3893e8-ae00-4b8b-9a2e-5c2f1f28fb08",
            "a4964436-f9d3-4aae-8fe4-e3bf8d72be39",
            "9c9517a3-e795-4e70-929a-248404952c4d",
            "f499ccae-ff58-43a3-ab4c-c733ec2b5be6",
            "1840f6bf-3687-4913-8860-564d5f4402a0",
            "b08ac61d-fc06-4303-9a29-31b9e431c32f",
            "102c3e0d-ea27-469d-b8a6-20b9b346bcdb",
            "bf1e621c-28a8-4c96-b58c-d96ab2239014",
            "04e23741-b561-449c-9ede-74e074aff7a0",
            "bf6aa77d-8a95-4551-9c40-9e56e342ab82"
          ],
          "failures": [
            "8157475b-a476-4a8d-8445-6741e1701fa8",
            "1ad1f181-e5cc-4755-bfc1-ed645a4d4315"
          ],
          "pending": [],
          "skipped": [],
          "duration": 55091,
          "root": false,
          "rootEmpty": false,
          "_timeout": 2000
        }
      ],
      "passes": [],
      "failures": [],
      "pending": [],
      "skipped": [],
      "duration": 0,
      "root": true,
      "rootEmpty": true,
      "_timeout": 2000
    }
  ],
  "meta": {
    "mocha": {
      "version": "10.8.2"
    },
    "mochawesome": {
      "options": {
        "quiet": false,
        "reportFilename": "mochawesome",
        "saveHtml": true,
        "saveJson": true,
        "consoleReporter": "spec",
        "useInlineDiffs": false,
        "code": true
      },
      "version": "7.1.3"
    },
    "marge": {
      "options": null,
      "version": "6.2.0"
    }
  }
}