{
  "stats": {
    "suites": 1,
    "tests": 12,
    "passes": 10,
    "pending": 0,
    "failures": 2,
    "start": "2025-01-10T06:48:32.085Z",
    "end": "2025-01-10T06:49:36.341Z",
    "duration": 64256,
    "testsRegistered": 12,
    "passPercent": 83.33333333333334,
    "pendingPercent": 0,
    "other": 0,
    "hasOther": false,
    "skipped": 0,
    "hasSkipped": false
  },
  "results": [
    {
      "uuid": "3f4b521a-b47d-41d7-bf83-d2b7e4116bb5",
      "title": "",
      "fullFile": "C:\\Users\\LENOVO\\AquaProjects\\Tractive_GPS_Test\\tests\\End_toEnd_Tests.spec.js",
      "file": "\\tests\\End_toEnd_Tests.spec.js",
      "beforeHooks": [],
      "afterHooks": [],
      "tests": [],
      "suites": [
        {
          "uuid": "c0cf946b-9b52-4ccf-93ad-649180c55c0d",
          "title": "End-to-End Tests",
          "fullFile": "C:\\Users\\LENOVO\\AquaProjects\\Tractive_GPS_Test\\tests\\End_toEnd_Tests.spec.js",
          "file": "\\tests\\End_toEnd_Tests.spec.js",
          "beforeHooks": [
            {
              "title": "\"before all\" hook: Before_Test in \"End-to-End Tests\"",
              "fullTitle": "End-to-End Tests \"before all\" hook: Before_Test in \"End-to-End Tests\"",
              "timedOut": false,
              "duration": 10499,
              "state": null,
              "speed": null,
              "pass": false,
              "fail": false,
              "pending": false,
              "context": null,
              "code": "this.timeout(60000);  // Increase timeout for async operations\nbrowser = await firefox.launch({headless: false});\ncontext = await browser.newContext();\n// Add cookies\nawait context.addCookies([{\n    name: 'interview',\n    value: '7lBPV9iik6r9MNE5dKw9nzF9CstdlEJl',\n    domain: '.tractive.com',\n    path: '/',\n    secure: true,\n}]);\npage = await context.newPage();\nloginPage = new LoginPage(page);\nhomePage = new HomePage(page);\nsignUpPage = new SignUpPage(page);\ntestData = new TestData();  // Corrected instantiation",
              "err": {},
              "uuid": "96ad4787-ea82-4f9f-971a-b79c2418863c",
              "parentUUID": "c0cf946b-9b52-4ccf-93ad-649180c55c0d",
              "isHook": true,
              "skipped": false
            }
          ],
          "afterHooks": [
            {
              "title": "\"after all\" hook: After_Test in \"End-to-End Tests\"",
              "fullTitle": "End-to-End Tests \"after all\" hook: After_Test in \"End-to-End Tests\"",
              "timedOut": false,
              "duration": 1814,
              "state": null,
              "speed": null,
              "pass": false,
              "fail": false,
              "pending": false,
              "context": null,
              "code": "this.timeout(5000);  // Increase timeout for after hook if needed\nif (page) await page.close();\nif (browser) await browser.close();",
              "err": {},
              "uuid": "79ac1be1-b3b0-466a-a7ac-6f95e82f7e63",
              "parentUUID": "c0cf946b-9b52-4ccf-93ad-649180c55c0d",
              "isHook": true,
              "skipped": false
            }
          ],
          "tests": [
            {
              "title": "should verify URL and Title and login page",
              "fullTitle": "End-to-End Tests should verify URL and Title and login page",
              "timedOut": false,
              "duration": 6269,
              "state": "passed",
              "speed": "slow",
              "pass": true,
              "fail": false,
              "pending": false,
              "context": null,
              "code": "this.timeout(30000);  // Increase timeout for this test\nawait loginPage.open();\nawait page.waitForSelector('button[type=\"submit\"]');  // Ensure the login button is visible\nawait page.evaluate(() => {\n    window.moveTo(0, 0);\n    window.resizeTo(window.screen.availWidth, window.screen.availHeight);\n});\nconst currentUrl = await page.url();\nexpect(currentUrl).to.include(loginPage.url);\nawait homePage.verifyPageTitle();",
              "err": {},
              "uuid": "590b9832-8286-473a-b2df-efbdcc2e1886",
              "parentUUID": "c0cf946b-9b52-4ccf-93ad-649180c55c0d",
              "isHook": false,
              "skipped": false
            },
            {
              "title": "should verify the presence of the Tractive logo",
              "fullTitle": "End-to-End Tests should verify the presence of the Tractive logo",
              "timedOut": false,
              "duration": 135,
              "state": "passed",
              "speed": "slow",
              "pass": true,
              "fail": false,
              "pending": false,
              "context": null,
              "code": "this.timeout(10000); // Set a timeout for the test\nawait loginPage.open(); // Ensure you're on the correct page\n// Check if the logo is visible on the page\nconst logoSelector = '//img[@alt=\"Tractive Logo\"]';\nconst isLogoVisible = await page.isVisible(logoSelector);\nif (isLogoVisible) {\n    console.log('Logo is visible on the page.');\n} else {\n    console.error('Logo is NOT visible on the page.');\n}\n// Assert that the logo is indeed visible\nexpect(isLogoVisible).to.be.true;",
              "err": {},
              "uuid": "aa74abc9-327d-4736-89be-25e7272f15f6",
              "parentUUID": "c0cf946b-9b52-4ccf-93ad-649180c55c0d",
              "isHook": false,
              "skipped": false
            },
            {
              "title": "should log in with valid credentials with singout",
              "fullTitle": "End-to-End Tests should log in with valid credentials with singout",
              "timedOut": false,
              "duration": 5574,
              "state": "passed",
              "speed": "slow",
              "pass": true,
              "fail": false,
              "pending": false,
              "context": null,
              "code": "this.timeout(30000);  // Increase timeout for this test\nconsole.log('Starting login test with valid credentials');\nconst loginData = testData.valid_login();  // Use valid login data\nawait loginPage.enterEmail(loginData.email);\nconsole.log('Entered email');\nawait loginPage.enterPassword(loginData.password);\nconsole.log('Entered password');\n// Wait for submit button to be clickable and click it\nawait loginPage.clickSubmitButton();\nconsole.log('Clicked submit button');\n// Wait for login success confirmation\nconst isLoginSuccessful = await loginPage.isLoginSuccessful();\nexpect(isLoginSuccessful).to.be.true;\n// If login is successful, log out\nif (isLoginSuccessful) {\n    console.log('Login successful, proceeding to sign out');\n    await homePage.signOut();\n} else {\n    console.error('Login failed');\n}",
              "err": {},
              "uuid": "44e4a127-cca9-40e4-8543-b82a1dba9a96",
              "parentUUID": "c0cf946b-9b52-4ccf-93ad-649180c55c0d",
              "isHook": false,
              "skipped": false
            },
            {
              "title": "should show an error for invalid login credentials",
              "fullTitle": "End-to-End Tests should show an error for invalid login credentials",
              "timedOut": false,
              "duration": 2629,
              "state": "passed",
              "speed": "slow",
              "pass": true,
              "fail": false,
              "pending": false,
              "context": null,
              "code": "this.timeout(90000);  // Increase timeout for this test\nconst loginData = testData.invalid_login();  // Use invalid login data\nawait loginPage.enterEmail(loginData.email);\nawait loginPage.enterPassword(loginData.password);\nawait loginPage.clickSubmitButton();\nlet alertMessage = '';\n// Handle the dialog pop-up\npage.on('dialog', async (dialog) => {\n    alertMessage = dialog.message();  // Capture the dialog message\n    console.log('Alert Message: ', alertMessage);  // Log the alert message for debugging\n    await dialog.accept();  // Accept the alert (close the alert)\n});\nawait page.waitForTimeout(1000);  // Adjust timeout as needed\n// Assert that the alert message matches the expected error message\nexpect(alertMessage).to.equal(alertMessage);  // Change the message to match your app's error message\n//const isLoginPageVisible = await loginPage.isLoginPageVisible();\n//expect(isLoginPageVisible).to.be.true;",
              "err": {},
              "uuid": "8056381c-0c8b-4b23-9616-c38614afb34c",
              "parentUUID": "c0cf946b-9b52-4ccf-93ad-649180c55c0d",
              "isHook": false,
              "skipped": false
            },
            {
              "title": "sign in Google Auth",
              "fullTitle": "End-to-End Tests sign in Google Auth",
              "timedOut": false,
              "duration": 565,
              "state": "failed",
              "speed": null,
              "pass": false,
              "fail": true,
              "pending": false,
              "context": null,
              "code": "this.timeout(60000); // Set a custom timeout for handling potential delays in the sign-in flow\n// Handle the Google Sign-In process\nconsole.log('Starting Google Sign-In process...');\nawait signUpPage.handleGoogleSignInProcess();\nconsole.log('Google Sign-In flow.');\n//const isGoogleSignInSuccessful = await signUpPage.isGoogleSignInSuccessful();\n//expect(isGoogleSignInSuccessful, 'Google Sign-In faile..' + 'd').to.be.true;",
              "err": {
                "message": "Error: page.waitForSelector: selector: expected string, got object",
                "estack": "page.waitForSelector: selector: expected string, got object\n    at SignUpPage.handleGoogleSignInProcess (Pages\\Signup_page.js:170:29)\n    at async Context.googleAuthSignIn (tests\\End_toEnd_Tests.spec.js:119:9)",
                "diff": null
              },
              "uuid": "bece9e4c-e1f8-49f4-93c4-eb898cc6b1c0",
              "parentUUID": "c0cf946b-9b52-4ccf-93ad-649180c55c0d",
              "isHook": false,
              "skipped": false
            },
            {
              "title": "should validate and submit the sign-up form",
              "fullTitle": "End-to-End Tests should validate and submit the sign-up form",
              "timedOut": false,
              "duration": 1294,
              "state": "passed",
              "speed": "slow",
              "pass": true,
              "fail": false,
              "pending": false,
              "context": null,
              "code": "this.timeout(80000);  // Increase timeout for this test\nawait signUpPage.open();  \nconst currentUrl = await page.url();\nexpect(currentUrl).to.include(signUpPage.url);\nawait signUpPage.EmptyFieldFocus();\nawait signUpPage.assertFirstNameValidation();\nawait signUpPage.assertLastNameValidation();\nawait signUpPage.assertEmailValidation();\nawait signUpPage.assertPasswordValidation();",
              "err": {},
              "uuid": "3ff5e539-8022-44b0-9f4e-49791aeb0bd7",
              "parentUUID": "c0cf946b-9b52-4ccf-93ad-649180c55c0d",
              "isHook": false,
              "skipped": false
            },
            {
              "title": "should validate invalid email format",
              "fullTitle": "End-to-End Tests should validate invalid email format",
              "timedOut": false,
              "duration": 866,
              "state": "passed",
              "speed": "slow",
              "pass": true,
              "fail": false,
              "pending": false,
              "context": null,
              "code": "this.timeout(60000);\nconst invalidData = testData.invalid_Email_password();\n// Retrieve invalid email from test data\n// Enter invalid email and verify validation message\nawait signUpPage.enterInvalidEmail(invalidData.email);\nawait signUpPage.assertInvalidEmailValidation();",
              "err": {},
              "uuid": "4e937815-abf9-4924-a019-ea9206a093b7",
              "parentUUID": "c0cf946b-9b52-4ccf-93ad-649180c55c0d",
              "isHook": false,
              "skipped": false
            },
            {
              "title": "should validate password length",
              "fullTitle": "End-to-End Tests should validate password length",
              "timedOut": false,
              "duration": 187,
              "state": "passed",
              "speed": "slow",
              "pass": true,
              "fail": false,
              "pending": false,
              "context": null,
              "code": "const invalidData = testData.invalid_Email_password();\n// Retrieve invalid password from test data\n// Enter invalid password and verify validation message\nawait signUpPage.enterInvalidPassword(invalidData.password);\nawait signUpPage.assertPasswordLengthValidation();",
              "err": {},
              "uuid": "ba837087-36f7-455e-a7c7-7ae78f00982b",
              "parentUUID": "c0cf946b-9b52-4ccf-93ad-649180c55c0d",
              "isHook": false,
              "skipped": false
            },
            {
              "title": "should successfully submit the form with valid data with same Email already Exist",
              "fullTitle": "End-to-End Tests should successfully submit the form with valid data with same Email already Exist",
              "timedOut": false,
              "duration": 31526,
              "state": "passed",
              "speed": "slow",
              "pass": true,
              "fail": false,
              "pending": false,
              "context": null,
              "code": "this.timeout(70000);\nconst validData = testData.valid_signup_data();\n// Retrieve valid signup data from test data\n// Enter valid data into the form fields\nawait signUpPage.enterFirstName(validData.firstName);\nawait signUpPage.enterLastname(validData.lastName);\nawait signUpPage.enterEmail(validData.email);\nawait signUpPage.enterPassword(validData.password);\n// If there is a checkbox, click it\nawait signUpPage.clickCheckbox();\n// Submit the form if the submit button is visible\nawait signUpPage.clickSubmitButtonIfVisible();\n// Wait for a moment for the submission to process\nconsole.log('Waiting for ...');\nawait page.waitForTimeout(30000);  // Pause execution for 30 seconds\npage.on('dialog', async (dialog) => {\n    const alertMessage = dialog.message();\n    console.log('Alert Message:', alertMessage);\n    if (alertMessage.includes('Account creation failed. You entered invalid information.')) {\n        await dialog.accept();\n        console.log('Dialog error message verified.');\n        expect(alertMessage).to.include(alertMessage);\n    }\n});\nconsole.log('Account creation failed.!');\nconst currentUrl = await page.url();\nexpect(currentUrl).to.include(currentUrl);",
              "err": {},
              "uuid": "7dad86ef-aa16-4a7f-9274-e53921972e32",
              "parentUUID": "c0cf946b-9b52-4ccf-93ad-649180c55c0d",
              "isHook": false,
              "skipped": false
            },
            {
              "title": "should submit the Signup form with Invalid data Passing",
              "fullTitle": "End-to-End Tests should submit the Signup form with Invalid data Passing",
              "timedOut": false,
              "duration": 303,
              "state": "passed",
              "speed": "slow",
              "pass": true,
              "fail": false,
              "pending": false,
              "context": null,
              "code": "this.timeout(70000);\nconst InvalidData = testData.Invalid_signup_data(); // Retrieve valid signup data from test data\n// Enter Invalid data into the form fields\nawait signUpPage.enterFirstName(InvalidData.firstName);\nawait signUpPage.enterLastname(InvalidData.lastName);\nawait signUpPage.enterEmail(InvalidData.email);\nawait signUpPage.enterPassword(InvalidData.password);\n// Submit the form if the submit button is visible or Not\nawait signUpPage.clickSubmitButtonIfNotVisible();",
              "err": {},
              "uuid": "3e775982-97c6-4e6e-a34f-d2536d5d9fdd",
              "parentUUID": "c0cf946b-9b52-4ccf-93ad-649180c55c0d",
              "isHook": false,
              "skipped": false
            },
            {
              "title": "should submit the Sign-Up form with new fresh_data with new Email data Passing",
              "fullTitle": "End-to-End Tests should submit the Sign-Up form with new fresh_data with new Email data Passing",
              "timedOut": false,
              "duration": 1384,
              "state": "passed",
              "speed": "slow",
              "pass": true,
              "fail": false,
              "pending": false,
              "context": null,
              "code": "this.timeout(70000); // Adjust timeout for async operations\nconst Valid_New_fresh_Data = testData.Valid_new_signup_data();\nawait signUpPage.enterFirstName(Valid_New_fresh_Data.firstName);\nawait signUpPage.enterLastname(Valid_New_fresh_Data.lastName);\nawait signUpPage.enterEmail(Valid_New_fresh_Data.email);\nawait signUpPage.enterPassword(Valid_New_fresh_Data.password);\nawait signUpPage.clickSubmitButtonIfNotVisible();\nlet alertMessage = '';\npage.on('dialog', async (dialog) => {\n    alertMessage = dialog.message();\n    console.log('Alert Message: ', alertMessage);\n    await dialog.accept();\n});\nawait page.waitForTimeout(1000);\nexpect(alertMessage).to.equal(alertMessage);",
              "err": {},
              "uuid": "4fddaa2e-92b0-456f-9691-1a81036c7187",
              "parentUUID": "c0cf946b-9b52-4ccf-93ad-649180c55c0d",
              "isHook": false,
              "skipped": false
            },
            {
              "title": "should log in and change email and password",
              "fullTitle": "End-to-End Tests should log in and change email and password",
              "timedOut": false,
              "duration": 1137,
              "state": "failed",
              "speed": null,
              "pass": false,
              "fail": true,
              "pending": false,
              "context": null,
              "code": "this.timeout(30000);\nawait loginPage.open();\nconst loginData = testData.valid_login();\nawait loginPage.enterEmail(loginData.email);\nawait loginPage.enterPassword(loginData.password);\nawait loginPage.clickSubmitButton();\nthis.timeout(60000);\nawait homePage.verifyUrl_ManagePage();\nawait homePage.verifyManagePageTitle();\nawait homePage.clickUserProfile();\nawait homepage.LoginDetails();",
              "err": {
                "message": "ReferenceError: browser is not defined",
                "estack": "ReferenceError: browser is not defined\n    at HomePage.verifyUrl_ManagePage (file:///C:/Users/LENOVO/AquaProjects/Tractive_GPS_Test/Pages/Homepage.js:45:28)\n    at Context.logInAndChangeCredentials (file:///C:/Users/LENOVO/AquaProjects/Tractive_GPS_Test/tests/End_toEnd_Tests.spec.js:221:24)",
                "diff": null
              },
              "uuid": "5de7af40-996d-46fd-9de6-be33bda5b82d",
              "parentUUID": "c0cf946b-9b52-4ccf-93ad-649180c55c0d",
              "isHook": false,
              "skipped": false
            }
          ],
          "suites": [],
          "passes": [
            "590b9832-8286-473a-b2df-efbdcc2e1886",
            "aa74abc9-327d-4736-89be-25e7272f15f6",
            "44e4a127-cca9-40e4-8543-b82a1dba9a96",
            "8056381c-0c8b-4b23-9616-c38614afb34c",
            "3ff5e539-8022-44b0-9f4e-49791aeb0bd7",
            "4e937815-abf9-4924-a019-ea9206a093b7",
            "ba837087-36f7-455e-a7c7-7ae78f00982b",
            "7dad86ef-aa16-4a7f-9274-e53921972e32",
            "3e775982-97c6-4e6e-a34f-d2536d5d9fdd",
            "4fddaa2e-92b0-456f-9691-1a81036c7187"
          ],
          "failures": [
            "bece9e4c-e1f8-49f4-93c4-eb898cc6b1c0",
            "5de7af40-996d-46fd-9de6-be33bda5b82d"
          ],
          "pending": [],
          "skipped": [],
          "duration": 51869,
          "root": false,
          "rootEmpty": false,
          "_timeout": 2000
        }
      ],
      "passes": [],
      "failures": [],
      "pending": [],
      "skipped": [],
      "duration": 0,
      "root": true,
      "rootEmpty": true,
      "_timeout": 2000
    }
  ],
  "meta": {
    "mocha": {
      "version": "10.8.2"
    },
    "mochawesome": {
      "options": {
        "quiet": false,
        "reportFilename": "mochawesome",
        "saveHtml": true,
        "saveJson": true,
        "consoleReporter": "spec",
        "useInlineDiffs": false,
        "code": true
      },
      "version": "7.1.3"
    },
    "marge": {
      "options": null,
      "version": "6.2.0"
    }
  }
}